<?xml version="1.0" encoding="UTF-8"?>
<testsuite name="models.DepartmentNewsTest" tests="1" skipped="0" failures="0" errors="0" timestamp="2020-02-19T08:51:45" hostname="sean-Lenovo-B50-80" time="0.0">
  <properties/>
  <testcase name="getDepartmentId" classname="models.DepartmentNewsTest" time="0.0"/>
  <system-out><![CDATA[]]></system-out>
  <system-err><![CDATA[]]></system-err>
</testsuite>
