<?xml version="1.0" encoding="UTF-8"?>
<testsuite name="dao.Sql2oNewsDaoTest" tests="1" skipped="0" failures="0" errors="0" timestamp="2020-02-19T12:41:16" hostname="sean-Lenovo-B50-80" time="0.367">
  <properties/>
  <testcase name="findUserById" classname="dao.Sql2oNewsDaoTest" time="0.367"/>
  <system-out><![CDATA[]]></system-out>
  <system-err><![CDATA[]]></system-err>
</testsuite>
