<?xml version="1.0" encoding="UTF-8"?>
<testsuite name="models.UsersTest" tests="3" skipped="0" failures="0" errors="0" timestamp="2020-02-17T14:05:54" hostname="sean-Lenovo-B50-80" time="0.011">
  <properties/>
  <testcase name="getPosition" classname="models.UsersTest" time="0.002"/>
  <testcase name="getName" classname="models.UsersTest" time="0.0"/>
  <testcase name="getRoles" classname="models.UsersTest" time="0.001"/>
  <system-out><![CDATA[]]></system-out>
  <system-err><![CDATA[]]></system-err>
</testsuite>
