<?xml version="1.0" encoding="UTF-8"?>
<testsuite name="models.NewsTest" tests="2" skipped="0" failures="0" errors="0" timestamp="2020-02-19T08:51:45" hostname="sean-Lenovo-B50-80" time="0.001">
  <properties/>
  <testcase name="getWriter" classname="models.NewsTest" time="0.001"/>
  <testcase name="getTopic" classname="models.NewsTest" time="0.0"/>
  <system-out><![CDATA[]]></system-out>
  <system-err><![CDATA[]]></system-err>
</testsuite>
