<?xml version="1.0" encoding="UTF-8"?>
<testsuite name="models.DepartmentTest" tests="1" skipped="0" failures="0" errors="0" timestamp="2020-02-17T13:35:54" hostname="sean-Lenovo-B50-80" time="0.006">
  <properties/>
  <testcase name="getDepDescription" classname="models.DepartmentTest" time="0.006"/>
  <system-out><![CDATA[]]></system-out>
  <system-err><![CDATA[]]></system-err>
</testsuite>
