<?xml version="1.0" encoding="UTF-8"?>
<testsuite name="dao.Sql2oUsersDaoTest" tests="4" skipped="0" failures="0" errors="0" timestamp="2020-02-19T08:51:45" hostname="sean-Lenovo-B50-80" time="0.444">
  <properties/>
  <testcase name="getAll" classname="dao.Sql2oUsersDaoTest" time="0.39"/>
  <testcase name="clearAll" classname="dao.Sql2oUsersDaoTest" time="0.017"/>
  <testcase name="addingUsersSetsId" classname="dao.Sql2oUsersDaoTest" time="0.011"/>
  <testcase name="deleteById" classname="dao.Sql2oUsersDaoTest" time="0.023"/>
  <system-out><![CDATA[]]></system-out>
  <system-err><![CDATA[]]></system-err>
</testsuite>
